<?xml version="1.0" encoding="UTF-8"?>
<!-- Generated by org.testng.reporters.JUnitXMLReporter -->
<testsuite ignored="0" hostname="MahalakshmiLingesan" failures="0" tests="3" name="Default test" time="12.353" errors="0" timestamp="2025-09-30T22:34:57 IST">
  <testcase classname="com.servicenow.IncidentManagement" name="createChangeRequest" time="8.09"/>
  <testcase classname="com.servicenow.IncidentManagement" name="updateChangeRequest" time="2.098"/>
  <testcase classname="com.servicenow.IncidentManagement" name="deleteChangeRequest" time="2.035"/>
</testsuite> <!-- Default test -->
