<?xml version="1.0" encoding="UTF-8"?>
<testng-results ignored="0" total="3" passed="3" failed="0" skipped="0">
  <reporter-output>
  </reporter-output>
  <suite started-at="2025-09-30T22:34:45 IST" name="Default suite" finished-at="2025-09-30T22:34:57 IST" duration-ms="12353">
    <groups>
    </groups>
    <test started-at="2025-09-30T22:34:45 IST" name="Default test" finished-at="2025-09-30T22:34:57 IST" duration-ms="12353">
      <class name="com.servicenow.IncidentManagement">
        <test-method signature="createChangeRequest()[pri:1, instance:com.servicenow.IncidentManagement@10e31a9a]" started-at="2025-09-30T22:34:45 IST" name="createChangeRequest" finished-at="2025-09-30T22:34:53 IST" duration-ms="8090" status="PASS">
          <reporter-output>
          </reporter-output>
        </test-method> <!-- createChangeRequest -->
        <test-method signature="updateChangeRequest()[pri:2, instance:com.servicenow.IncidentManagement@10e31a9a]" started-at="2025-09-30T22:34:53 IST" name="updateChangeRequest" finished-at="2025-09-30T22:34:55 IST" duration-ms="2098" status="PASS">
          <reporter-output>
          </reporter-output>
        </test-method> <!-- updateChangeRequest -->
        <test-method signature="deleteChangeRequest()[pri:3, instance:com.servicenow.IncidentManagement@10e31a9a]" started-at="2025-09-30T22:34:55 IST" name="deleteChangeRequest" finished-at="2025-09-30T22:34:57 IST" duration-ms="2035" status="PASS">
          <reporter-output>
          </reporter-output>
        </test-method> <!-- deleteChangeRequest -->
      </class> <!-- com.servicenow.IncidentManagement -->
    </test> <!-- Default test -->
  </suite> <!-- Default suite -->
</testng-results>
