<?xml version="1.0" encoding="UTF-8"?>
<testng-results ignored="0" total="3" passed="3" failed="0" skipped="0">
  <reporter-output>
  </reporter-output>
  <suite started-at="2025-10-08T22:41:49 IST" name="RestAssured" finished-at="2025-10-08T22:41:58 IST" duration-ms="9704">
    <groups>
    </groups>
    <test started-at="2025-10-08T22:41:49 IST" name="IncidentManagement" finished-at="2025-10-08T22:41:58 IST" duration-ms="9704">
      <class name="com.servicenow.chaining.UpdateIncident">
        <test-method is-config="true" signature="requestUploadPayload()[pri:0, instance:com.servicenow.chaining.UpdateIncident@a1153bc]" started-at="2025-10-08T22:41:54 IST" name="requestUploadPayload" finished-at="2025-10-08T22:41:54 IST" duration-ms="2" status="PASS">
          <reporter-output>
          </reporter-output>
        </test-method> <!-- requestUploadPayload -->
        <test-method is-config="true" signature="setUp()[pri:0, instance:com.servicenow.chaining.UpdateIncident@a1153bc]" started-at="2025-10-08T22:41:54 IST" name="setUp" finished-at="2025-10-08T22:41:54 IST" duration-ms="1" status="PASS">
          <reporter-output>
          </reporter-output>
        </test-method> <!-- setUp -->
        <test-method signature="update()[pri:0, instance:com.servicenow.chaining.UpdateIncident@a1153bc]" started-at="2025-10-08T22:41:54 IST" name="update" finished-at="2025-10-08T22:41:56 IST" duration-ms="1870" status="PASS">
          <reporter-output>
          </reporter-output>
        </test-method> <!-- update -->
      </class> <!-- com.servicenow.chaining.UpdateIncident -->
      <class name="com.servicenow.chaining.CreateNewIncident">
        <test-method is-config="true" signature="requestCreatePayload()[pri:0, instance:com.servicenow.chaining.CreateNewIncident@4d5d943d]" started-at="2025-10-08T22:41:49 IST" name="requestCreatePayload" finished-at="2025-10-08T22:41:49 IST" duration-ms="19" status="PASS">
          <reporter-output>
          </reporter-output>
        </test-method> <!-- requestCreatePayload -->
        <test-method is-config="true" signature="setUp()[pri:0, instance:com.servicenow.chaining.CreateNewIncident@4d5d943d]" started-at="2025-10-08T22:41:49 IST" name="setUp" finished-at="2025-10-08T22:41:49 IST" duration-ms="532" status="PASS">
          <reporter-output>
          </reporter-output>
        </test-method> <!-- setUp -->
        <test-method signature="create()[pri:0, instance:com.servicenow.chaining.CreateNewIncident@4d5d943d]" started-at="2025-10-08T22:41:49 IST" name="create" finished-at="2025-10-08T22:41:54 IST" duration-ms="5130" status="PASS">
          <reporter-output>
          </reporter-output>
        </test-method> <!-- create -->
      </class> <!-- com.servicenow.chaining.CreateNewIncident -->
      <class name="com.servicenow.chaining.DeleteIncident">
        <test-method is-config="true" signature="setUp()[pri:0, instance:com.servicenow.chaining.DeleteIncident@1aafa419]" started-at="2025-10-08T22:41:56 IST" name="setUp" finished-at="2025-10-08T22:41:56 IST" duration-ms="0" status="PASS">
          <reporter-output>
          </reporter-output>
        </test-method> <!-- setUp -->
        <test-method signature="delete()[pri:0, instance:com.servicenow.chaining.DeleteIncident@1aafa419]" started-at="2025-10-08T22:41:56 IST" name="delete" finished-at="2025-10-08T22:41:58 IST" depends-on-methods="com.servicenow.chaining.CreateNewIncident.create" duration-ms="2072" status="PASS">
          <reporter-output>
          </reporter-output>
        </test-method> <!-- delete -->
      </class> <!-- com.servicenow.chaining.DeleteIncident -->
    </test> <!-- IncidentManagement -->
  </suite> <!-- RestAssured -->
</testng-results>
